#
# There is insufficient memory for the Java Runtime Environment to continue.
# Native memory allocation (malloc) failed to allocate 1048576 bytes for AllocateHeap
# Possible reasons:
#   The system is out of physical RAM or swap space
#   In 32 bit mode, the process size limit was hit
# Possible solutions:
#   Reduce memory load on the system
#   Increase physical memory or swap space
#   Check if swap backing store is full
#   Use 64 bit Java on a 64 bit OS
#   Decrease Java heap size (-Xmx/-Xms)
#   Decrease number of Java threads
#   Decrease Java thread stack sizes (-Xss)
#   Set larger code cache with -XX:ReservedCodeCacheSize=
# This output file may be truncated or incomplete.
#
#  Out of Memory Error (memory/allocation.inline.hpp:61), pid=8652, tid=0x0000000000000e40
#
# JRE version:  (8.0_171-b11) (build )
# Java VM: Java HotSpot(TM) 64-Bit Server VM (25.171-b11 mixed mode windows-amd64 compressed oops)
# Failed to write core dump. Minidumps are not enabled by default on client versions of Windows
#

---------------  T H R E A D  ---------------

Current thread (0x0000000002dae800):  JavaThread "Unknown thread" [_thread_in_vm, id=3648, stack(0x0000000002c50000,0x0000000002d50000)]

Stack: [0x0000000002c50000,0x0000000002d50000]
[error occurred during error reporting (printing stack bounds), id 0xc0000005]

Native frames: (J=compiled Java code, j=interpreted, Vv=VM code, C=native code)


---------------  P R O C E S S  ---------------

Java Threads: ( => current thread )

Other Threads:

=>0x0000000002dae800 (exited) JavaThread "Unknown thread" [_thread_in_vm, id=3648, stack(0x0000000002c50000,0x0000000002d50000)]

VM state:not at safepoint (normal execution)

VM Mutex/Monitor currently owned by a thread: None

Heap:
 PSYoungGen      total 27648K, used 481K [0x00000000e1900000, 0x00000000e3780000, 0x0000000100000000)
  eden space 24064K, 2% used [0x00000000e1900000,0x00000000e1978528,0x00000000e3080000)
  from space 3584K, 0% used [0x00000000e3400000,0x00000000e3400000,0x00000000e3780000)
  to   space 3584K, 0% used [0x00000000e3080000,0x00000000e3080000,0x00000000e3400000)
 ParOldGen       total 62976K, used 0K [0x00000000a4a00000, 0x00000000a8780000, 0x00000000e1900000)
  object space 62976K, 0% used [0x00000000a4a00000,0x00000000a4a00000,0x00000000a8780000)
 Metaspace       used 774K, capacity 4480K, committed 4480K, reserved 1056768K
  class space    used 76K, capacity 384K, committed 384K, reserved 1048576K

Card table byte_map: [0x0000000012270000,0x0000000012550000] byte_map_base: 0x0000000011d4b000

Marking Bits: (ParMarkBitMap*) 0x0000000055bd08c0
 Begin Bits: [0x0000000012b40000, 0x0000000014218000)
 End Bits:   [0x0000000014218000, 0x00000000158f0000)

Polling page: 0x00000000012a0000

CodeCache: size=245760Kb used=328Kb max_used=328Kb free=245431Kb
 bounds [0x0000000002eb0000, 0x0000000003120000, 0x0000000011eb0000]
 total_blobs=58 nmethods=0 adapters=38
 compilation: enabled

Compilation events (0 events):
No events

GC Heap History (0 events):
No events

Deoptimization events (0 events):
No events

Classes redefined (0 events):
No events

Internal exceptions (0 events):
No events

Events (10 events):
Event: 0.053 loading class java/lang/Short
Event: 0.053 loading class java/lang/Short done
Event: 0.053 loading class java/lang/Integer
Event: 0.053 loading class java/lang/Integer done
Event: 0.053 loading class java/lang/Long
Event: 0.054 loading class java/lang/Long done
Event: 0.055 loading class java/lang/NullPointerException
Event: 0.055 loading class java/lang/NullPointerException done
Event: 0.055 loading class java/lang/ArithmeticException
Event: 0.055 loading class java/lang/ArithmeticException done


Dynamic libraries:
0x00007ff65c5a0000 - 0x00007ff65c5d7000 	C:\Program Files\Java\jdk1.8.0_171\jre\bin\java.exe
0x00007ffea3ee0000 - 0x00007ffea40c1000 	C:\WINDOWS\SYSTEM32\ntdll.dll
0x00007ffea3a20000 - 0x00007ffea3ad2000 	C:\WINDOWS\System32\KERNEL32.DLL
0x00007ffea0310000 - 0x00007ffea0583000 	C:\WINDOWS\System32\KERNELBASE.dll
0x00007ffea3ae0000 - 0x00007ffea3b81000 	C:\WINDOWS\System32\ADVAPI32.dll
0x00007ffea19d0000 - 0x00007ffea1a6e000 	C:\WINDOWS\System32\msvcrt.dll
0x00007ffea1bc0000 - 0x00007ffea1c1b000 	C:\WINDOWS\System32\sechost.dll
0x00007ffea1a70000 - 0x00007ffea1b94000 	C:\WINDOWS\System32\RPCRT4.dll
0x00007ffea1c20000 - 0x00007ffea1db0000 	C:\WINDOWS\System32\USER32.dll
0x00007ffea0690000 - 0x00007ffea06b0000 	C:\WINDOWS\System32\win32u.dll
0x00007ffea34e0000 - 0x00007ffea3508000 	C:\WINDOWS\System32\GDI32.dll
0x00007ffea1030000 - 0x00007ffea11c2000 	C:\WINDOWS\System32\gdi32full.dll
0x00007ffea12d0000 - 0x00007ffea136f000 	C:\WINDOWS\System32\msvcp_win.dll
0x00007ffea0590000 - 0x00007ffea068a000 	C:\WINDOWS\System32\ucrtbase.dll
0x00007ffe963a0000 - 0x00007ffe96609000 	C:\WINDOWS\WinSxS\amd64_microsoft.windows.common-controls_6595b64144ccf1df_6.0.17134.112_none_fb3f961b30681c12\COMCTL32.dll
0x00007ffea35f0000 - 0x00007ffea3913000 	C:\WINDOWS\System32\combase.dll
0x00007ffea06b0000 - 0x00007ffea072a000 	C:\WINDOWS\System32\bcryptPrimitives.dll
0x00007ffea19a0000 - 0x00007ffea19cd000 	C:\WINDOWS\System32\IMM32.DLL
0x00000000552d0000 - 0x00000000553a2000 	C:\Program Files\Java\jdk1.8.0_171\jre\bin\msvcr100.dll
0x00000000553b0000 - 0x0000000055c50000 	C:\Program Files\Java\jdk1.8.0_171\jre\bin\server\jvm.dll
0x00007ffea1db0000 - 0x00007ffea1db8000 	C:\WINDOWS\System32\PSAPI.DLL
0x00007ffe92580000 - 0x00007ffe92589000 	C:\WINDOWS\SYSTEM32\WSOCK32.dll
0x00007ffe9e4b0000 - 0x00007ffe9e4d3000 	C:\WINDOWS\SYSTEM32\WINMM.dll
0x00007ffe9e480000 - 0x00007ffe9e4aa000 	C:\WINDOWS\SYSTEM32\WINMMBASE.dll
0x00007ffe936a0000 - 0x00007ffe936aa000 	C:\WINDOWS\SYSTEM32\VERSION.dll
0x00007ffea1280000 - 0x00007ffea12c9000 	C:\WINDOWS\System32\cfgmgr32.dll
0x0000000002be0000 - 0x0000000002c4c000 	C:\WINDOWS\System32\ws2_32.DLL
0x0000000055fb0000 - 0x0000000055fbf000 	C:\Program Files\Java\jdk1.8.0_171\jre\bin\verify.dll
0x00000000552a0000 - 0x00000000552c9000 	C:\Program Files\Java\jdk1.8.0_171\jre\bin\java.dll
0x0000000055280000 - 0x0000000055296000 	C:\Program Files\Java\jdk1.8.0_171\jre\bin\zip.dll

VM Arguments:
java_command: C:\Users\carlo\Desktop\NetBeansProjects\spring-mvc\target\surefire\surefirebooter3724959254792792636.jar C:\Users\carlo\Desktop\NetBeansProjects\spring-mvc\target\surefire\surefire3886479162734219087tmp C:\Users\carlo\Desktop\NetBeansProjects\spring-mvc\target\surefire\surefire8586398025133684096tmp
java_class_path (initial): C:\Users\carlo\Desktop\NetBeansProjects\spring-mvc\target\surefire\surefirebooter3724959254792792636.jar
Launcher Type: SUN_STANDARD

Environment Variables:
JAVA_HOME=C:\Program Files\Java\jdk1.8.0_171
CLASSPATH=C:\Program Files\Java\jdk1.8.0_171\\lib;C:\Program Files\Java\jdk1.8.0_171\\lib\tools.jar;C:\Program Files\Java\jdk1.8.0_171\\lib\dt.jar;C:\Program Files\Java\jdk1.8.0_171\\lib\htmlconverter.jar;C:\Program Files\Java\jdk1.8.0_171\\jre\lib;C:\Program Files\Java\jdk1.8.0_171\\jre\lib\rt.jar;
PATH=C:\Program Files\Java\jdk1.8.0_171\\bin;C:\WINDOWS\system32;C:\WINDOWS;C:\WINDOWS\System32\Wbem;C:\WINDOWS\System32\WindowsPowerShell\v1.0\;C:\Program Files\Diskeeper Corporation\ExpressCache\;C:\WINDOWS\System32\OpenSSH\;E:\ALURA\Maven\apache-maven-3.5.4\bin;C:\Program Files\nodejs\;C:\Program Files (x86)\Yarn\bin\;C:\Users\carlo\AppData\Local\Microsoft\WindowsApps;C:\Users\carlo\AppData\Roaming\npm;C:\Users\carlo\AppData\Local\Yarn\bin
USERNAME=carlo
OS=Windows_NT
PROCESSOR_IDENTIFIER=Intel64 Family 6 Model 58 Stepping 9, GenuineIntel



---------------  S Y S T E M  ---------------

OS: Windows 10.0 , 64 bit Build 17134 (10.0.17134.1)

CPU:total 4 (initial active 4) (2 cores per cpu, 2 threads per core) family 6 model 58 stepping 9, cmov, cx8, fxsr, mmx, sse, sse2, sse3, ssse3, sse4.1, sse4.2, popcnt, avx, clmul, erms, ht, tsc, tscinvbit, tscinv

Memory: 4k page, physical 5985820k(807096k free), swap 5985820k(5492k free)

vm_info: Java HotSpot(TM) 64-Bit Server VM (25.171-b11) for windows-amd64 JRE (1.8.0_171-b11), built on Mar 28 2018 16:06:12 by "java_re" with MS VC++ 10.0 (VS2010)

time: Tue Jul 03 21:18:49 2018
elapsed time: 0 seconds (0d 0h 0m 0s)

